This is pdfTeX, Version 3.14159265-2.6-1.40.20 (TeX Live 2019/Arch Linux) (preloaded format=pdflatex 2019.10.13)  18 DEC 2019 14:32
entering extended mode
 restricted \write18 enabled.
 %&-line parsing enabled.
**model_biblio.tex rapport.pdf
(./model_biblio.tex
LaTeX2e <2018-12-01>
(./sdm.cls
Document Class: sdm 2015/02/02 v0.1 LaTeX document class for Universite Rennes 
1
(/usr/share/texmf-dist/tex/latex/base/article.cls
Document Class: article 2018/09/03 v1.4i Standard LaTeX document class
(/usr/share/texmf-dist/tex/latex/base/size11.clo
File: size11.clo 2018/09/03 v1.4i Standard LaTeX file (size option)
)
\c@part=\count80
\c@section=\count81
\c@subsection=\count82
\c@subsubsection=\count83
\c@paragraph=\count84
\c@subparagraph=\count85
\c@figure=\count86
\c@table=\count87
\abovecaptionskip=\skip41
\belowcaptionskip=\skip42
\bibindent=\dimen102
)

! LaTeX Error: File `fullpage.sty' not found.

Type X to quit or <RETURN> to proceed,
or enter new name. (Default extension: sty)

Enter file name: 
! Emergency stop.
<read *> 
         
l.9 \RequirePackage
                   {graphicx}^^M
End of file on the terminal!

 
Here is how much of TeX's memory you used:
 207 strings out of 492623
 2209 string characters out of 6135668
 60750 words of memory out of 5000000
 4207 multiletter control sequences out of 15000+600000
 3940 words of font info for 15 fonts, out of 8000000 for 9000
 1141 hyphenation exceptions out of 8191
 27i,0n,21p,177b,36s stack positions out of 5000i,500n,10000p,200000b,80000s
!  ==> Fatal error occurred, no output PDF file produced!
